[04-Sep-2025 15:40:47 UTC] PHP Warning:  Undefined array key "_column_size" in /Users/osamaimar/Local Sites/antonfeld/app/public/wp-content/plugins/elementor/includes/elements/column.php on line 1047
[04-Sep-2025 15:40:47 UTC] PHP Warning:  Undefined array key "_column_size" in /Users/osamaimar/Local Sites/antonfeld/app/public/wp-content/plugins/elementor/includes/elements/column.php on line 1047
[04-Sep-2025 15:40:47 UTC] PHP Warning:  Undefined array key "_column_size" in /Users/osamaimar/Local Sites/antonfeld/app/public/wp-content/plugins/elementor/includes/elements/column.php on line 1047
[04-Sep-2025 15:40:47 UTC] PHP Warning:  Undefined array key "_column_size" in /Users/osamaimar/Local Sites/antonfeld/app/public/wp-content/plugins/elementor/includes/elements/column.php on line 1047
[04-Sep-2025 15:40:47 UTC] PHP Warning:  Undefined array key "_column_size" in /Users/osamaimar/Local Sites/antonfeld/app/public/wp-content/plugins/elementor/includes/elements/column.php on line 1047
[04-Sep-2025 15:40:47 UTC] PHP Warning:  Undefined array key "_column_size" in /Users/osamaimar/Local Sites/antonfeld/app/public/wp-content/plugins/elementor/includes/elements/column.php on line 1047
[04-Sep-2025 16:25:52 UTC] PHP Warning:  Undefined array key "_column_size" in /Users/osamaimar/Local Sites/antonfeld/app/public/wp-content/plugins/elementor/includes/elements/column.php on line 1047
[04-Sep-2025 16:25:52 UTC] PHP Warning:  Undefined array key "_column_size" in /Users/osamaimar/Local Sites/antonfeld/app/public/wp-content/plugins/elementor/includes/elements/column.php on line 1047
[04-Sep-2025 16:25:52 UTC] PHP Warning:  Undefined array key "_column_size" in /Users/osamaimar/Local Sites/antonfeld/app/public/wp-content/plugins/elementor/includes/elements/column.php on line 1047
[04-Sep-2025 16:25:52 UTC] PHP Warning:  Undefined array key "_column_size" in /Users/osamaimar/Local Sites/antonfeld/app/public/wp-content/plugins/elementor/includes/elements/column.php on line 1047
[04-Sep-2025 16:25:52 UTC] PHP Warning:  Undefined array key "_column_size" in /Users/osamaimar/Local Sites/antonfeld/app/public/wp-content/plugins/elementor/includes/elements/column.php on line 1047
[04-Sep-2025 16:25:52 UTC] PHP Warning:  Undefined array key "_column_size" in /Users/osamaimar/Local Sites/antonfeld/app/public/wp-content/plugins/elementor/includes/elements/column.php on line 1047
[04-Sep-2025 16:43:32 UTC] Duration: 0.53230595588684
[04-Sep-2025 16:43:33 UTC] Duration: 0.45832419395447
[04-Sep-2025 16:43:34 UTC] Duration: 0.91442203521729
[04-Sep-2025 16:43:36 UTC] Duration: 0.46712183952332
[04-Sep-2025 16:43:36 UTC] Duration: 0.88559293746948
[04-Sep-2025 16:43:39 UTC] Duration: 0.91165900230408
[04-Sep-2025 16:43:40 UTC] Duration: 0.91946816444397
[04-Sep-2025 16:43:42 UTC] Duration: 0.94886803627014
[04-Sep-2025 16:43:44 UTC] Duration: 0.94655108451843
[04-Sep-2025 16:43:46 UTC] Duration: 0.99496793746948
[04-Sep-2025 16:43:49 UTC] Duration: 0.99933004379272
[04-Sep-2025 16:43:51 UTC] Duration: 0.95755696296692
[04-Sep-2025 16:43:53 UTC] Duration: 1.1201519966125
[04-Sep-2025 16:44:12 UTC] Duration: 0.4640781879425
[04-Sep-2025 16:48:27 UTC] PHP Warning:  Undefined array key "_column_size" in /Users/osamaimar/Local Sites/antonfeld/app/public/wp-content/plugins/elementor/includes/elements/column.php on line 1047
[04-Sep-2025 16:48:27 UTC] PHP Warning:  Undefined array key "_column_size" in /Users/osamaimar/Local Sites/antonfeld/app/public/wp-content/plugins/elementor/includes/elements/column.php on line 1047
[04-Sep-2025 16:48:27 UTC] PHP Warning:  Undefined array key "_column_size" in /Users/osamaimar/Local Sites/antonfeld/app/public/wp-content/plugins/elementor/includes/elements/column.php on line 1047
[04-Sep-2025 16:48:27 UTC] PHP Warning:  Undefined array key "_column_size" in /Users/osamaimar/Local Sites/antonfeld/app/public/wp-content/plugins/elementor/includes/elements/column.php on line 1047
[04-Sep-2025 16:48:27 UTC] PHP Warning:  Undefined array key "_column_size" in /Users/osamaimar/Local Sites/antonfeld/app/public/wp-content/plugins/elementor/includes/elements/column.php on line 1047
[04-Sep-2025 16:48:27 UTC] PHP Warning:  Undefined array key "_column_size" in /Users/osamaimar/Local Sites/antonfeld/app/public/wp-content/plugins/elementor/includes/elements/column.php on line 1047
[04-Sep-2025 16:48:27 UTC] PHP Warning:  Undefined array key "_column_size" in /Users/osamaimar/Local Sites/antonfeld/app/public/wp-content/plugins/elementor/includes/elements/column.php on line 1047
[04-Sep-2025 16:48:27 UTC] PHP Warning:  Undefined array key "_column_size" in /Users/osamaimar/Local Sites/antonfeld/app/public/wp-content/plugins/elementor/includes/elements/column.php on line 1047
[04-Sep-2025 16:48:28 UTC] PHP Warning:  Undefined array key "_column_size" in /Users/osamaimar/Local Sites/antonfeld/app/public/wp-content/plugins/elementor/includes/elements/column.php on line 1047
[04-Sep-2025 17:20:56 UTC] PHP Warning:  Undefined array key "title" in /Users/osamaimar/Local Sites/antonfeld/app/public/wp-content/plugins/template-kit-import/vendor/template-kit-import/inc/class-importer.php on line 156
[04-Sep-2025 17:27:57 UTC] PHP Warning:  Undefined array key "file_url" in /Users/osamaimar/Local Sites/antonfeld/app/public/wp-content/plugins/elementor/app/modules/import-export/module.php on line 689
[04-Sep-2025 17:28:00 UTC] PHP Warning:  Undefined array key "doc_type" in /Users/osamaimar/Local Sites/antonfeld/app/public/wp-content/plugins/elementor-pro/core/app/modules/import-export/runners/import/templates.php on line 59
[04-Sep-2025 17:30:22 UTC] PHP Warning:  Undefined array key "_column_size" in /Users/osamaimar/Local Sites/antonfeld/app/public/wp-content/plugins/elementor/includes/elements/column.php on line 1047
[04-Sep-2025 17:30:22 UTC] PHP Warning:  Undefined array key "_column_size" in /Users/osamaimar/Local Sites/antonfeld/app/public/wp-content/plugins/elementor/includes/elements/column.php on line 1047
[04-Sep-2025 17:30:22 UTC] PHP Warning:  Undefined array key "_column_size" in /Users/osamaimar/Local Sites/antonfeld/app/public/wp-content/plugins/elementor/includes/elements/column.php on line 1047
[04-Sep-2025 17:30:22 UTC] PHP Warning:  Undefined array key "_column_size" in /Users/osamaimar/Local Sites/antonfeld/app/public/wp-content/plugins/elementor/includes/elements/column.php on line 1047
[04-Sep-2025 17:30:22 UTC] PHP Warning:  Undefined array key "_column_size" in /Users/osamaimar/Local Sites/antonfeld/app/public/wp-content/plugins/elementor/includes/elements/column.php on line 1047
[04-Sep-2025 17:30:22 UTC] PHP Warning:  Undefined array key "_column_size" in /Users/osamaimar/Local Sites/antonfeld/app/public/wp-content/plugins/elementor/includes/elements/column.php on line 1047
[04-Sep-2025 17:30:22 UTC] PHP Warning:  Undefined array key "_column_size" in /Users/osamaimar/Local Sites/antonfeld/app/public/wp-content/plugins/elementor/includes/elements/column.php on line 1047
[04-Sep-2025 17:30:22 UTC] PHP Warning:  Undefined array key "_column_size" in /Users/osamaimar/Local Sites/antonfeld/app/public/wp-content/plugins/elementor/includes/elements/column.php on line 1047
[04-Sep-2025 17:30:22 UTC] PHP Warning:  Undefined array key "_column_size" in /Users/osamaimar/Local Sites/antonfeld/app/public/wp-content/plugins/elementor/includes/elements/column.php on line 1047
[04-Sep-2025 17:30:25 UTC] PHP Warning:  Undefined array key "_column_size" in /Users/osamaimar/Local Sites/antonfeld/app/public/wp-content/plugins/elementor/includes/elements/column.php on line 1047
[04-Sep-2025 17:30:25 UTC] PHP Warning:  Undefined array key "_column_size" in /Users/osamaimar/Local Sites/antonfeld/app/public/wp-content/plugins/elementor/includes/elements/column.php on line 1047
[04-Sep-2025 17:30:25 UTC] PHP Warning:  Undefined array key "_column_size" in /Users/osamaimar/Local Sites/antonfeld/app/public/wp-content/plugins/elementor/includes/elements/column.php on line 1047
[04-Sep-2025 17:30:25 UTC] PHP Warning:  Undefined array key "_column_size" in /Users/osamaimar/Local Sites/antonfeld/app/public/wp-content/plugins/elementor/includes/elements/column.php on line 1047
[04-Sep-2025 17:30:25 UTC] PHP Warning:  Undefined array key "_column_size" in /Users/osamaimar/Local Sites/antonfeld/app/public/wp-content/plugins/elementor/includes/elements/column.php on line 1047
[04-Sep-2025 17:30:25 UTC] PHP Warning:  Undefined array key "_column_size" in /Users/osamaimar/Local Sites/antonfeld/app/public/wp-content/plugins/elementor/includes/elements/column.php on line 1047
[04-Sep-2025 17:30:25 UTC] PHP Warning:  Undefined array key "_column_size" in /Users/osamaimar/Local Sites/antonfeld/app/public/wp-content/plugins/elementor/includes/elements/column.php on line 1047
[04-Sep-2025 17:30:25 UTC] PHP Warning:  Undefined array key "_column_size" in /Users/osamaimar/Local Sites/antonfeld/app/public/wp-content/plugins/elementor/includes/elements/column.php on line 1047
[04-Sep-2025 17:30:25 UTC] PHP Warning:  Undefined array key "_column_size" in /Users/osamaimar/Local Sites/antonfeld/app/public/wp-content/plugins/elementor/includes/elements/column.php on line 1047
[04-Sep-2025 22:14:36 UTC] PHP Warning:  Array to string conversion in /Users/osamaimar/Local Sites/antonfeld/app/public/wp-includes/formatting.php on line 1096
[04-Sep-2025 22:14:36 UTC] PHP Warning:  Array to string conversion in /Users/osamaimar/Local Sites/antonfeld/app/public/wp-includes/formatting.php on line 1096
[04-Sep-2025 22:14:42 UTC] PHP Warning:  Array to string conversion in /Users/osamaimar/Local Sites/antonfeld/app/public/wp-includes/formatting.php on line 1096
[04-Sep-2025 22:14:42 UTC] PHP Warning:  Array to string conversion in /Users/osamaimar/Local Sites/antonfeld/app/public/wp-includes/formatting.php on line 1096
[04-Sep-2025 22:14:42 UTC] PHP Warning:  Undefined array key "_column_size" in /Users/osamaimar/Local Sites/antonfeld/app/public/wp-content/plugins/elementor/includes/elements/column.php on line 1047
[04-Sep-2025 22:16:08 UTC] PHP Fatal error:  Uncaught Error: Cannot use object of type WP_Error as array in /Users/osamaimar/Local Sites/antonfeld/app/public/wp-content/plugins/elementor/includes/template-library/sources/local.php:936
Stack trace:
#0 /Users/osamaimar/Local Sites/antonfeld/app/public/wp-content/plugins/elementor/includes/template-library/manager.php(641): Elementor\TemplateLibrary\Source_Local->import_template('Archive.zip', '/private/var/tm...')
#1 /Users/osamaimar/Local Sites/antonfeld/app/public/wp-content/plugins/elementor/includes/template-library/manager.php(1028): Elementor\TemplateLibrary\Manager->direct_import_template(Array)
#2 /Users/osamaimar/Local Sites/antonfeld/app/public/wp-includes/class-wp-hook.php(324): Elementor\TemplateLibrary\Manager->handle_direct_actions('')
#3 /Users/osamaimar/Local Sites/antonfeld/app/public/wp-includes/class-wp-hook.php(348): WP_Hook->apply_filters('', Array)
#4 /Users/osamaimar/Local Sites/antonfeld/app/public/wp-includes/plugin.php(517): WP_Hook->do_action(Array)
#5 /Users/osamaimar/Local Sites/antonfeld/app/public/wp-admin/admin-ajax.php(192): do_action('wp_ajax_element...')
#6 {main}
  thrown in /Users/osamaimar/Local Sites/antonfeld/app/public/wp-content/plugins/elementor/includes/template-library/sources/local.php on line 936
[04-Sep-2025 22:19:09 UTC] PHP Warning:  Array to string conversion in /Users/osamaimar/Local Sites/antonfeld/app/public/wp-includes/formatting.php on line 1096
[04-Sep-2025 22:19:09 UTC] PHP Warning:  Array to string conversion in /Users/osamaimar/Local Sites/antonfeld/app/public/wp-includes/formatting.php on line 1096
[04-Sep-2025 22:20:30 UTC] PHP Warning:  Array to string conversion in /Users/osamaimar/Local Sites/antonfeld/app/public/wp-includes/formatting.php on line 1096
[04-Sep-2025 22:20:30 UTC] PHP Warning:  Array to string conversion in /Users/osamaimar/Local Sites/antonfeld/app/public/wp-includes/formatting.php on line 1096
[04-Sep-2025 22:20:30 UTC] PHP Warning:  Undefined array key "_column_size" in /Users/osamaimar/Local Sites/antonfeld/app/public/wp-content/plugins/elementor/includes/elements/column.php on line 1047
[04-Sep-2025 22:20:34 UTC] PHP Warning:  Array to string conversion in /Users/osamaimar/Local Sites/antonfeld/app/public/wp-includes/formatting.php on line 1096
[04-Sep-2025 22:20:34 UTC] PHP Warning:  Array to string conversion in /Users/osamaimar/Local Sites/antonfeld/app/public/wp-includes/formatting.php on line 1096
[04-Sep-2025 22:20:34 UTC] PHP Warning:  Undefined array key "_column_size" in /Users/osamaimar/Local Sites/antonfeld/app/public/wp-content/plugins/elementor/includes/elements/column.php on line 1047
[04-Sep-2025 22:20:35 UTC] PHP Warning:  Array to string conversion in /Users/osamaimar/Local Sites/antonfeld/app/public/wp-includes/formatting.php on line 1096
[04-Sep-2025 22:20:35 UTC] PHP Warning:  Array to string conversion in /Users/osamaimar/Local Sites/antonfeld/app/public/wp-includes/formatting.php on line 1096
[04-Sep-2025 22:20:36 UTC] PHP Warning:  Undefined array key "_column_size" in /Users/osamaimar/Local Sites/antonfeld/app/public/wp-content/plugins/elementor/includes/elements/column.php on line 1047
[04-Sep-2025 22:23:32 UTC] PHP Warning:  Array to string conversion in /Users/osamaimar/Local Sites/antonfeld/app/public/wp-includes/formatting.php on line 1096
[04-Sep-2025 22:23:32 UTC] PHP Warning:  Array to string conversion in /Users/osamaimar/Local Sites/antonfeld/app/public/wp-includes/formatting.php on line 1096
[04-Sep-2025 22:23:32 UTC] PHP Warning:  Undefined array key "_column_size" in /Users/osamaimar/Local Sites/antonfeld/app/public/wp-content/plugins/elementor/includes/elements/column.php on line 1047
[04-Sep-2025 22:23:43 UTC] PHP Warning:  Array to string conversion in /Users/osamaimar/Local Sites/antonfeld/app/public/wp-includes/formatting.php on line 1096
[04-Sep-2025 22:23:43 UTC] PHP Warning:  Array to string conversion in /Users/osamaimar/Local Sites/antonfeld/app/public/wp-includes/formatting.php on line 1096
[04-Sep-2025 23:10:03 UTC] PHP Fatal error:  Uncaught Error: Cannot use object of type WP_Error as array in /Users/osamaimar/Local Sites/antonfeld/app/public/wp-content/plugins/elementor/includes/template-library/sources/local.php:936
Stack trace:
#0 /Users/osamaimar/Local Sites/antonfeld/app/public/wp-content/plugins/elementor/includes/template-library/manager.php(641): Elementor\TemplateLibrary\Source_Local->import_template('Archive.zip', '/private/var/tm...')
#1 /Users/osamaimar/Local Sites/antonfeld/app/public/wp-content/plugins/elementor/includes/template-library/manager.php(1028): Elementor\TemplateLibrary\Manager->direct_import_template(Array)
#2 /Users/osamaimar/Local Sites/antonfeld/app/public/wp-includes/class-wp-hook.php(324): Elementor\TemplateLibrary\Manager->handle_direct_actions('')
#3 /Users/osamaimar/Local Sites/antonfeld/app/public/wp-includes/class-wp-hook.php(348): WP_Hook->apply_filters('', Array)
#4 /Users/osamaimar/Local Sites/antonfeld/app/public/wp-includes/plugin.php(517): WP_Hook->do_action(Array)
#5 /Users/osamaimar/Local Sites/antonfeld/app/public/wp-admin/admin-ajax.php(192): do_action('wp_ajax_element...')
#6 {main}
  thrown in /Users/osamaimar/Local Sites/antonfeld/app/public/wp-content/plugins/elementor/includes/template-library/sources/local.php on line 936
[04-Sep-2025 23:10:38 UTC] PHP Fatal error:  Uncaught Error: Cannot use object of type WP_Error as array in /Users/osamaimar/Local Sites/antonfeld/app/public/wp-content/plugins/elementor/includes/template-library/sources/local.php:936
Stack trace:
#0 /Users/osamaimar/Local Sites/antonfeld/app/public/wp-content/plugins/elementor/includes/template-library/manager.php(641): Elementor\TemplateLibrary\Source_Local->import_template('Option-2.zip', '/private/var/tm...')
#1 /Users/osamaimar/Local Sites/antonfeld/app/public/wp-content/plugins/elementor/includes/template-library/manager.php(1028): Elementor\TemplateLibrary\Manager->direct_import_template(Array)
#2 /Users/osamaimar/Local Sites/antonfeld/app/public/wp-includes/class-wp-hook.php(324): Elementor\TemplateLibrary\Manager->handle_direct_actions('')
#3 /Users/osamaimar/Local Sites/antonfeld/app/public/wp-includes/class-wp-hook.php(348): WP_Hook->apply_filters('', Array)
#4 /Users/osamaimar/Local Sites/antonfeld/app/public/wp-includes/plugin.php(517): WP_Hook->do_action(Array)
#5 /Users/osamaimar/Local Sites/antonfeld/app/public/wp-admin/admin-ajax.php(192): do_action('wp_ajax_element...')
#6 {main}
  thrown in /Users/osamaimar/Local Sites/antonfeld/app/public/wp-content/plugins/elementor/includes/template-library/sources/local.php on line 936
[04-Sep-2025 23:15:12 UTC] PHP Fatal error:  Uncaught Error: Cannot use object of type WP_Error as array in /Users/osamaimar/Local Sites/antonfeld/app/public/wp-content/plugins/elementor/includes/template-library/sources/local.php:936
Stack trace:
#0 /Users/osamaimar/Local Sites/antonfeld/app/public/wp-content/plugins/elementor/includes/template-library/manager.php(641): Elementor\TemplateLibrary\Source_Local->import_template('project-bolt-st...', '/private/var/tm...')
#1 /Users/osamaimar/Local Sites/antonfeld/app/public/wp-content/plugins/elementor/includes/template-library/manager.php(1028): Elementor\TemplateLibrary\Manager->direct_import_template(Array)
#2 /Users/osamaimar/Local Sites/antonfeld/app/public/wp-includes/class-wp-hook.php(324): Elementor\TemplateLibrary\Manager->handle_direct_actions('')
#3 /Users/osamaimar/Local Sites/antonfeld/app/public/wp-includes/class-wp-hook.php(348): WP_Hook->apply_filters('', Array)
#4 /Users/osamaimar/Local Sites/antonfeld/app/public/wp-includes/plugin.php(517): WP_Hook->do_action(Array)
#5 /Users/osamaimar/Local Sites/antonfeld/app/public/wp-admin/admin-ajax.php(192): do_action('wp_ajax_element...')
#6 {main}
  thrown in /Users/osamaimar/Local Sites/antonfeld/app/public/wp-content/plugins/elementor/includes/template-library/sources/local.php on line 936
[04-Sep-2025 23:15:33 UTC] PHP Fatal error:  Uncaught Error: Cannot use object of type WP_Error as array in /Users/osamaimar/Local Sites/antonfeld/app/public/wp-content/plugins/elementor/includes/template-library/sources/local.php:936
Stack trace:
#0 /Users/osamaimar/Local Sites/antonfeld/app/public/wp-content/plugins/elementor/includes/template-library/manager.php(641): Elementor\TemplateLibrary\Source_Local->import_template('Archive.zip', '/private/var/tm...')
#1 /Users/osamaimar/Local Sites/antonfeld/app/public/wp-content/plugins/elementor/includes/template-library/manager.php(1028): Elementor\TemplateLibrary\Manager->direct_import_template(Array)
#2 /Users/osamaimar/Local Sites/antonfeld/app/public/wp-includes/class-wp-hook.php(324): Elementor\TemplateLibrary\Manager->handle_direct_actions('')
#3 /Users/osamaimar/Local Sites/antonfeld/app/public/wp-includes/class-wp-hook.php(348): WP_Hook->apply_filters('', Array)
#4 /Users/osamaimar/Local Sites/antonfeld/app/public/wp-includes/plugin.php(517): WP_Hook->do_action(Array)
#5 /Users/osamaimar/Local Sites/antonfeld/app/public/wp-admin/admin-ajax.php(192): do_action('wp_ajax_element...')
#6 {main}
  thrown in /Users/osamaimar/Local Sites/antonfeld/app/public/wp-content/plugins/elementor/includes/template-library/sources/local.php on line 936
