[04-Sep-2025 18:35:21] NOTICE: fpm is running, pid 58106
[04-Sep-2025 18:35:21] NOTICE: ready to handle connections
[05-Sep-2025 04:37:33] NOTICE: Terminating ...
[05-Sep-2025 04:37:33] NOTICE: exiting, bye-bye!
[05-Sep-2025 13:21:38] NOTICE: fpm is running, pid 77132
[05-Sep-2025 13:21:38] NOTICE: ready to handle connections
[05-Sep-2025 13:23:08] NOTICE: Terminating ...
[05-Sep-2025 13:23:08] NOTICE: Terminating ...
[05-Sep-2025 13:23:08] NOTICE: exiting, bye-bye!
[05-Sep-2025 13:24:39] NOTICE: fpm is running, pid 77637
[05-Sep-2025 13:24:39] NOTICE: ready to handle connections
[05-Sep-2025 13:32:16] NOTICE: Terminating ...
[05-Sep-2025 13:32:16] NOTICE: exiting, bye-bye!
[05-Sep-2025 21:12:27] NOTICE: fpm is running, pid 13031
[05-Sep-2025 21:12:27] NOTICE: ready to handle connections
[05-Sep-2025 21:24:10] NOTICE: Terminating ...
[05-Sep-2025 21:24:10] NOTICE: Terminating ...
[05-Sep-2025 21:24:10] NOTICE: exiting, bye-bye!
[05-Sep-2025 21:24:14] NOTICE: fpm is running, pid 17276
[05-Sep-2025 21:24:14] NOTICE: ready to handle connections
[05-Sep-2025 21:26:30] NOTICE: Terminating ...
[05-Sep-2025 21:26:30] NOTICE: Terminating ...
[05-Sep-2025 21:26:30] NOTICE: exiting, bye-bye!
[05-Sep-2025 21:29:27] NOTICE: fpm is running, pid 18714
[05-Sep-2025 21:29:27] NOTICE: ready to handle connections
[06-Sep-2025 01:57:15] NOTICE: Terminating ...
[06-Sep-2025 01:57:15] NOTICE: exiting, bye-bye!
[06-Sep-2025 05:44:52] NOTICE: fpm is running, pid 48095
[06-Sep-2025 05:44:52] NOTICE: ready to handle connections
[06-Sep-2025 06:07:05] NOTICE: Terminating ...
[06-Sep-2025 06:07:05] NOTICE: Terminating ...
[06-Sep-2025 06:07:05] NOTICE: exiting, bye-bye!
[06-Sep-2025 18:54:49] NOTICE: fpm is running, pid 15338
[06-Sep-2025 18:54:49] NOTICE: ready to handle connections
[08-Sep-2025 03:43:29] NOTICE: Terminating ...
[08-Sep-2025 03:43:29] NOTICE: Terminating ...
[08-Sep-2025 03:43:29] NOTICE: exiting, bye-bye!
[20-Sep-2025 13:26:53] NOTICE: fpm is running, pid 8282
[20-Sep-2025 13:26:53] NOTICE: ready to handle connections
[20-Sep-2025 18:54:50] WARNING: [pool www] child 8287 said into stderr: "mysqldump: Got error: 2002: Can't connect to local MySQL server through socket '/tmp/mysql.sock' (2) when trying to connect"
[21-Sep-2025 00:54:27] NOTICE: Terminating ...
[21-Sep-2025 00:54:27] NOTICE: Terminating ...
[21-Sep-2025 00:54:27] NOTICE: exiting, bye-bye!
[24-Sep-2025 10:31:19] NOTICE: fpm is running, pid 11007
[24-Sep-2025 10:31:19] NOTICE: ready to handle connections
[24-Sep-2025 22:05:01] NOTICE: Terminating ...
[24-Sep-2025 22:05:01] NOTICE: Terminating ...
[24-Sep-2025 22:05:01] NOTICE: exiting, bye-bye!
[26-Sep-2025 06:43:52] NOTICE: fpm is running, pid 846
[26-Sep-2025 06:43:52] NOTICE: ready to handle connections
[26-Sep-2025 06:46:36] NOTICE: Terminating ...
[26-Sep-2025 06:46:36] NOTICE: Terminating ...
[26-Sep-2025 06:46:36] NOTICE: exiting, bye-bye!
